2024-01-15 14:55:36.177 - INFO ---[mcat-handler-21] o.springdoc.api.AbstractOpenApiResource  : Init duration for springdoc-openapi is: 172 ms
2024-01-15 15:06:08.605 - INFO ---[mcat-handler-12] o.springdoc.api.AbstractOpenApiResource  : Init duration for springdoc-openapi is: 207 ms
2024-01-15 15:06:12.561 - INFO ---[mcat-handler-47] o.springdoc.api.AbstractOpenApiResource  : Init duration for springdoc-openapi is: 538 ms
2024-01-15 15:07:32.024 - INFO ---[ionShutdownHook] .s.b.r.i.i.RocketMQInboundChannelAdapter : stopped com.alibaba.cloud.stream.binder.rocketmq.integration.inbound.RocketMQInboundChannelAdapter@800fc6
2024-01-15 15:07:32.033 - INFO ---[ionShutdownHook] o.s.c.stream.binder.BinderErrorChannel   : Channel 'mall-web-admin-system-1.1258228652.springCloudBusInput.errors' has 1 subscriber(s).
2024-01-15 15:07:32.161 - INFO ---[ionShutdownHook] o.s.i.endpoint.EventDrivenConsumer       : Removing {logging-channel-adapter:_org.springframework.integration.errorLogger} as a subscriber to the 'errorChannel' channel
2024-01-15 15:07:32.161 - INFO ---[ionShutdownHook] o.s.i.channel.PublishSubscribeChannel    : Channel 'mall-web-admin-system-1.errorChannel' has 0 subscriber(s).
2024-01-15 15:07:32.162 - INFO ---[ionShutdownHook] o.s.i.endpoint.EventDrivenConsumer       : stopped bean '_org.springframework.integration.errorLogger'
2024-01-15 15:07:32.166 - INFO ---[ionShutdownHook] c.a.c.n.registry.NacosServiceRegistry    : De-registering from Nacos Server now...
2024-01-15 15:07:32.166 - INFO ---[ionShutdownHook] com.alibaba.nacos.client.naming          : [DEREGISTER-SERVICE] public deregistering service mall-web-admin-system with instance: Instance{instanceId='null', ip='192.168.111.17', port=7003, weight=1.0, healthy=true, enabled=true, ephemeral=true, clusterName='DEFAULT', serviceName='null', metadata={}}
2024-01-15 15:07:32.186 - INFO ---[ionShutdownHook] c.a.c.n.registry.NacosServiceRegistry    : De-registration finished.
2024-01-15 15:07:32.188 - INFO ---[ionShutdownHook] com.alibaba.nacos.client.naming          : com.alibaba.nacos.client.naming.cache.ServiceInfoHolder do shutdown begin
2024-01-15 15:07:32.188 - INFO ---[ionShutdownHook] com.alibaba.nacos.client.naming          : com.alibaba.nacos.client.naming.backups.FailoverReactor do shutdown begin
2024-01-15 15:07:32.188 - INFO ---[ionShutdownHook] com.alibaba.nacos.client.naming          : com.alibaba.nacos.client.naming.backups.FailoverReactor do shutdown stop
2024-01-15 15:07:32.188 - INFO ---[ionShutdownHook] com.alibaba.nacos.client.naming          : com.alibaba.nacos.client.naming.cache.ServiceInfoHolder do shutdown stop
2024-01-15 15:07:32.188 - INFO ---[ionShutdownHook] com.alibaba.nacos.client.naming          : com.alibaba.nacos.client.naming.remote.NamingClientProxyDelegate do shutdown begin
2024-01-15 15:07:32.188 - INFO ---[ionShutdownHook] com.alibaba.nacos.client.naming          : com.alibaba.nacos.client.naming.core.ServiceInfoUpdateService do shutdown begin
2024-01-15 15:07:32.188 - INFO ---[ionShutdownHook] com.alibaba.nacos.client.naming          : com.alibaba.nacos.client.naming.core.ServiceInfoUpdateService do shutdown stop
2024-01-15 15:07:32.188 - INFO ---[ionShutdownHook] com.alibaba.nacos.client.naming          : com.alibaba.nacos.client.naming.core.ServerListManager do shutdown begin
2024-01-15 15:07:32.189 - INFO ---[ionShutdownHook] com.alibaba.nacos.client.naming          : com.alibaba.nacos.client.naming.core.ServerListManager do shutdown stop
2024-01-15 15:07:32.189 - INFO ---[ionShutdownHook] com.alibaba.nacos.client.naming          : com.alibaba.nacos.client.naming.remote.http.NamingHttpClientProxy do shutdown begin
2024-01-15 15:07:32.189 - INFO ---[ionShutdownHook] com.alibaba.nacos.client.naming          : com.alibaba.nacos.client.naming.remote.http.NamingHttpClientProxy do shutdown stop
2024-01-15 15:07:32.189 - INFO ---[ionShutdownHook] com.alibaba.nacos.common.remote.client   : Shutdown rpc client, set status to shutdown
2024-01-15 15:07:32.189 - INFO ---[ionShutdownHook] com.alibaba.nacos.common.remote.client   : Shutdown client event executor java.util.concurrent.ScheduledThreadPoolExecutor@72f57746[Running, pool size = 2, active threads = 2, queued tasks = 0, completed tasks = 0]
2024-01-15 15:07:32.189 - INFO ---[ionShutdownHook] com.alibaba.nacos.common.remote.client   : Close current connection 1705290314464_117.158.219.22_54138
2024-01-15 15:07:32.190 - INFO ---[ionShutdownHook] c.a.n.c.remote.client.grpc.GrpcClient    : Shutdown grpc executor java.util.concurrent.ThreadPoolExecutor@574108a0[Running, pool size = 4, active threads = 0, queued tasks = 0, completed tasks = 3354]
2024-01-15 15:07:32.191 - INFO ---[ionShutdownHook] com.alibaba.nacos.client.naming          : Shutdown grpc redo service executor java.util.concurrent.ScheduledThreadPoolExecutor@79ff05db[Running, pool size = 1, active threads = 0, queued tasks = 1, completed tasks = 5168]
2024-01-15 15:07:32.192 - INFO ---[ionShutdownHook] c.a.n.c.a.r.identify.CredentialWatcher   : [null] CredentialWatcher is stopped
2024-01-15 15:07:32.192 - INFO ---[ionShutdownHook] c.a.n.c.a.r.identify.CredentialService   : [null] CredentialService is freed
2024-01-15 15:07:32.192 - INFO ---[ionShutdownHook] com.alibaba.nacos.client.naming          : com.alibaba.nacos.client.naming.remote.NamingClientProxyDelegate do shutdown stop
2024-01-15 15:07:32.197 - INFO ---[      Thread-17] com.xxl.job.core.server.EmbedServer      : >>>>>>>>>>> xxl-job remoting server stop.
2024-01-15 15:07:32.214 - INFO ---[rRegistryThread] c.x.j.c.thread.ExecutorRegistryThread    : >>>>>>>>>>> xxl-job registry-remove success, registryParam:RegistryParam{registryGroup='EXECUTOR', registryKey='xxl-job-executor-sample', registryValue='http://192.168.66.1:7777/'}, registryResult:ReturnT [code=200, msg=null, content=null]
2024-01-15 15:07:32.214 - INFO ---[rRegistryThread] c.x.j.c.thread.ExecutorRegistryThread    : >>>>>>>>>>> xxl-job, executor registry thread destroy.
2024-01-15 15:07:32.214 - INFO ---[ionShutdownHook] com.xxl.job.core.server.EmbedServer      : >>>>>>>>>>> xxl-job remoting server destroy success.
2024-01-15 15:07:32.214 - INFO ---[FileCleanThread] c.x.j.core.thread.JobLogFileCleanThread  : >>>>>>>>>>> xxl-job, executor JobLogFileCleanThread thread destroy.
2024-01-15 15:07:32.214 - INFO ---[rCallbackThread] c.x.j.core.thread.TriggerCallbackThread  : >>>>>>>>>>> xxl-job, executor callback thread destroy.
2024-01-15 15:07:32.214 - INFO ---[      Thread-16] c.x.j.core.thread.TriggerCallbackThread  : >>>>>>>>>>> xxl-job, executor retry callback thread destroy.
2024-01-15 15:07:32.221 - INFO ---[ionShutdownHook] j.LocalContainerEntityManagerFactoryBean : Closing JPA EntityManagerFactory for persistence unit 'default'
2024-01-15 15:07:32.226 - INFO ---[ionShutdownHook] com.zaxxer.hikari.HikariDataSource       : HikariPool-1 - Shutdown initiated...
2024-01-15 15:07:32.227 - INFO ---[ionShutdownHook] com.zaxxer.hikari.HikariDataSource       : HikariPool-1 - Shutdown completed.
2024-01-15 15:07:32.741 - INFO ---[137.103.166-958] com.alibaba.nacos.common.remote.client   : [3997f1c3-1549-4c98-a922-dd73cf864c9d] Receive server push request, request = NotifySubscriberRequest, requestId = 8061
2024-01-15 15:07:32.742 - INFO ---[137.103.166-958] com.alibaba.nacos.client.naming          : removed ips(1) service: DEFAULT_GROUP@@mall-web-admin-system -> [{"ip":"192.168.111.17","port":7003,"weight":1.0,"healthy":true,"enabled":true,"ephemeral":true,"clusterName":"DEFAULT","serviceName":"DEFAULT_GROUP@@mall-web-admin-system","metadata":{"preserved.register.source":"SPRING_CLOUD"},"ipDeleteTimeout":30000,"instanceHeartBeatInterval":5000,"instanceHeartBeatTimeOut":15000}]
2024-01-15 15:07:32.742 - INFO ---[137.103.166-958] com.alibaba.nacos.client.naming          : current ips:(0) service: DEFAULT_GROUP@@mall-web-admin-system -> []
2024-01-15 15:07:32.742 - INFO ---[137.103.166-958] com.alibaba.nacos.common.remote.client   : [3997f1c3-1549-4c98-a922-dd73cf864c9d] Ack server push request, request = NotifySubscriberRequest, requestId = 8061
2024-01-15 15:07:32.748 - INFO ---[137.103.166-772] com.alibaba.nacos.common.remote.client   : [2bb671d2-5175-4498-813b-956cc9baa70c] Receive server push request, request = NotifySubscriberRequest, requestId = 8063
2024-01-15 15:07:32.748 - INFO ---[137.103.166-772] com.alibaba.nacos.client.naming          : removed ips(1) service: DEFAULT_GROUP@@mall-web-admin-system -> [{"ip":"192.168.111.17","port":7003,"weight":1.0,"healthy":true,"enabled":true,"ephemeral":true,"clusterName":"DEFAULT","serviceName":"DEFAULT_GROUP@@mall-web-admin-system","metadata":{"preserved.register.source":"SPRING_CLOUD"},"instanceHeartBeatInterval":5000,"instanceHeartBeatTimeOut":15000,"ipDeleteTimeout":30000}]
2024-01-15 15:07:32.748 - INFO ---[137.103.166-772] com.alibaba.nacos.client.naming          : current ips:(0) service: DEFAULT_GROUP@@mall-web-admin-system -> []
2024-01-15 15:07:32.749 - INFO ---[137.103.166-772] com.alibaba.nacos.common.remote.client   : [2bb671d2-5175-4498-813b-956cc9baa70c] Ack server push request, request = NotifySubscriberRequest, requestId = 8063
2024-01-15 15:10:27.915 - INFO ---[ionShutdownHook] .s.b.r.i.i.RocketMQInboundChannelAdapter : stopped com.alibaba.cloud.stream.binder.rocketmq.integration.inbound.RocketMQInboundChannelAdapter@6d526684
2024-01-15 15:10:27.917 - INFO ---[ionShutdownHook] o.s.c.stream.binder.BinderErrorChannel   : Channel 'mall-web-admin-system-1.689156474.springCloudBusInput.errors' has 1 subscriber(s).
2024-01-15 15:10:28.034 - INFO ---[ionShutdownHook] o.s.i.endpoint.EventDrivenConsumer       : Removing {logging-channel-adapter:_org.springframework.integration.errorLogger} as a subscriber to the 'errorChannel' channel
2024-01-15 15:10:28.034 - INFO ---[ionShutdownHook] o.s.i.channel.PublishSubscribeChannel    : Channel 'mall-web-admin-system-1.errorChannel' has 0 subscriber(s).
2024-01-15 15:10:28.034 - INFO ---[ionShutdownHook] o.s.i.endpoint.EventDrivenConsumer       : stopped bean '_org.springframework.integration.errorLogger'
2024-01-15 15:10:28.037 - INFO ---[ionShutdownHook] c.a.c.n.registry.NacosServiceRegistry    : De-registering from Nacos Server now...
2024-01-15 15:10:28.037 - INFO ---[ionShutdownHook] com.alibaba.nacos.client.naming          : [DEREGISTER-SERVICE] public deregistering service mall-web-admin-system with instance: Instance{instanceId='null', ip='192.168.111.17', port=7003, weight=1.0, healthy=true, enabled=true, ephemeral=true, clusterName='DEFAULT', serviceName='null', metadata={}}
2024-01-15 15:10:28.052 - INFO ---[ionShutdownHook] c.a.c.n.registry.NacosServiceRegistry    : De-registration finished.
2024-01-15 15:10:28.053 - INFO ---[ionShutdownHook] com.alibaba.nacos.client.naming          : com.alibaba.nacos.client.naming.cache.ServiceInfoHolder do shutdown begin
2024-01-15 15:10:28.053 - INFO ---[ionShutdownHook] com.alibaba.nacos.client.naming          : com.alibaba.nacos.client.naming.backups.FailoverReactor do shutdown begin
2024-01-15 15:10:28.053 - INFO ---[ionShutdownHook] com.alibaba.nacos.client.naming          : com.alibaba.nacos.client.naming.backups.FailoverReactor do shutdown stop
2024-01-15 15:10:28.053 - INFO ---[ionShutdownHook] com.alibaba.nacos.client.naming          : com.alibaba.nacos.client.naming.cache.ServiceInfoHolder do shutdown stop
2024-01-15 15:10:28.053 - INFO ---[ionShutdownHook] com.alibaba.nacos.client.naming          : com.alibaba.nacos.client.naming.remote.NamingClientProxyDelegate do shutdown begin
2024-01-15 15:10:28.053 - INFO ---[ionShutdownHook] com.alibaba.nacos.client.naming          : com.alibaba.nacos.client.naming.core.ServiceInfoUpdateService do shutdown begin
2024-01-15 15:10:28.053 - INFO ---[ionShutdownHook] com.alibaba.nacos.client.naming          : com.alibaba.nacos.client.naming.core.ServiceInfoUpdateService do shutdown stop
2024-01-15 15:10:28.053 - INFO ---[ionShutdownHook] com.alibaba.nacos.client.naming          : com.alibaba.nacos.client.naming.core.ServerListManager do shutdown begin
2024-01-15 15:10:28.053 - INFO ---[ionShutdownHook] com.alibaba.nacos.client.naming          : com.alibaba.nacos.client.naming.core.ServerListManager do shutdown stop
2024-01-15 15:10:28.053 - INFO ---[ionShutdownHook] com.alibaba.nacos.client.naming          : com.alibaba.nacos.client.naming.remote.http.NamingHttpClientProxy do shutdown begin
2024-01-15 15:10:28.053 - INFO ---[ionShutdownHook] com.alibaba.nacos.client.naming          : com.alibaba.nacos.client.naming.remote.http.NamingHttpClientProxy do shutdown stop
2024-01-15 15:10:28.053 - INFO ---[ionShutdownHook] com.alibaba.nacos.common.remote.client   : Shutdown rpc client, set status to shutdown
2024-01-15 15:10:28.053 - INFO ---[ionShutdownHook] com.alibaba.nacos.common.remote.client   : Shutdown client event executor java.util.concurrent.ScheduledThreadPoolExecutor@5eb8dfd0[Running, pool size = 2, active threads = 2, queued tasks = 0, completed tasks = 0]
2024-01-15 15:10:28.053 - INFO ---[ionShutdownHook] com.alibaba.nacos.common.remote.client   : Close current connection 1705302483987_117.158.219.22_53096
2024-01-15 15:10:28.057 - INFO ---[ionShutdownHook] c.a.n.c.remote.client.grpc.GrpcClient    : Shutdown grpc executor java.util.concurrent.ThreadPoolExecutor@59d1d820[Running, pool size = 5, active threads = 0, queued tasks = 0, completed tasks = 58]
2024-01-15 15:10:28.057 - INFO ---[ionShutdownHook] com.alibaba.nacos.client.naming          : Shutdown grpc redo service executor java.util.concurrent.ScheduledThreadPoolExecutor@44e8d9dc[Running, pool size = 1, active threads = 0, queued tasks = 1, completed tasks = 52]
2024-01-15 15:10:28.058 - INFO ---[ionShutdownHook] c.a.n.c.a.r.identify.CredentialWatcher   : [null] CredentialWatcher is stopped
2024-01-15 15:10:28.058 - INFO ---[ionShutdownHook] c.a.n.c.a.r.identify.CredentialService   : [null] CredentialService is freed
2024-01-15 15:10:28.058 - INFO ---[ionShutdownHook] com.alibaba.nacos.client.naming          : com.alibaba.nacos.client.naming.remote.NamingClientProxyDelegate do shutdown stop
2024-01-15 15:10:28.062 - INFO ---[      Thread-16] com.xxl.job.core.server.EmbedServer      : >>>>>>>>>>> xxl-job remoting server stop.
2024-01-15 15:10:28.081 - INFO ---[rRegistryThread] c.x.j.c.thread.ExecutorRegistryThread    : >>>>>>>>>>> xxl-job registry-remove success, registryParam:RegistryParam{registryGroup='EXECUTOR', registryKey='xxl-job-executor-sample', registryValue='http://192.168.66.1:7777/'}, registryResult:ReturnT [code=200, msg=null, content=null]
2024-01-15 15:10:28.081 - INFO ---[rRegistryThread] c.x.j.c.thread.ExecutorRegistryThread    : >>>>>>>>>>> xxl-job, executor registry thread destroy.
2024-01-15 15:10:28.081 - INFO ---[ionShutdownHook] com.xxl.job.core.server.EmbedServer      : >>>>>>>>>>> xxl-job remoting server destroy success.
2024-01-15 15:10:28.081 - INFO ---[FileCleanThread] c.x.j.core.thread.JobLogFileCleanThread  : >>>>>>>>>>> xxl-job, executor JobLogFileCleanThread thread destroy.
2024-01-15 15:10:28.081 - INFO ---[rCallbackThread] c.x.j.core.thread.TriggerCallbackThread  : >>>>>>>>>>> xxl-job, executor callback thread destroy.
2024-01-15 15:10:28.081 - INFO ---[      Thread-15] c.x.j.core.thread.TriggerCallbackThread  : >>>>>>>>>>> xxl-job, executor retry callback thread destroy.
2024-01-15 15:10:28.084 - INFO ---[ionShutdownHook] j.LocalContainerEntityManagerFactoryBean : Closing JPA EntityManagerFactory for persistence unit 'default'
2024-01-15 15:10:28.086 - INFO ---[ionShutdownHook] com.zaxxer.hikari.HikariDataSource       : HikariPool-1 - Shutdown initiated...
2024-01-15 15:10:28.088 - INFO ---[ionShutdownHook] com.zaxxer.hikari.HikariDataSource       : HikariPool-1 - Shutdown completed.
