2023-06-27 17:06:41.405 - INFO ---[kground-preinit] o.h.validator.internal.util.Version      : HV000001: Hibernate Validator 8.0.0.Final
2023-06-27 17:06:41.713 - INFO ---[           main] c.alibaba.nacos.client.utils.ParamUtil   : [settings] [req-serv] nacos-server port:8848
2023-06-27 17:06:41.713 - INFO ---[           main] c.alibaba.nacos.client.utils.ParamUtil   : [settings] [http-client] connect timeout:1000
2023-06-27 17:06:41.715 - INFO ---[           main] c.alibaba.nacos.client.utils.ParamUtil   : PER_TASK_CONFIG_SIZE: 3000.0
2023-06-27 17:06:41.798 - INFO ---[           main] c.a.n.p.a.s.c.ClientAuthPluginManager    : [ClientAuthPluginManager] Load ClientAuthService com.alibaba.nacos.client.auth.impl.NacosClientAuthServiceImpl success.
2023-06-27 17:06:41.798 - INFO ---[           main] c.a.n.p.a.s.c.ClientAuthPluginManager    : [ClientAuthPluginManager] Load ClientAuthService com.alibaba.nacos.client.auth.ram.RamClientAuthServiceImpl success.
2023-06-27 17:06:41.866 - INFO ---[           main] c.a.nacos.client.config.impl.Limiter     : limitTime:5.0
2023-06-27 17:06:42.015 - INFO ---[           main] c.a.n.c.a.r.identify.CredentialWatcher   : null No credential found
2023-06-27 17:06:43.259 - INFO ---[           main] c.a.n.c.c.impl.LocalConfigInfoProcessor  : LOCAL_SNAPSHOT_PATH:C:\Users\86150\nacos\config
2023-06-27 17:06:43.265 - INFO ---[           main] com.alibaba.nacos.common.remote.client   : [RpcClientFactory] create a new rpc client of d236dc31-2995-45f9-b986-8ef120007388_config-0
2023-06-27 17:06:43.297 - INFO ---[           main] com.alibaba.nacos.common.remote.client   : [d236dc31-2995-45f9-b986-8ef120007388_config-0] Register server push request handler:com.alibaba.nacos.client.config.impl.ClientWorker$ConfigRpcTransportClient$$Lambda$882/0x0000000800fe2150
2023-06-27 17:06:43.298 - INFO ---[           main] com.alibaba.nacos.common.remote.client   : [d236dc31-2995-45f9-b986-8ef120007388_config-0] Register server push request handler:com.alibaba.nacos.client.config.impl.ClientWorker$ConfigRpcTransportClient$$Lambda$883/0x0000000800fe2570
2023-06-27 17:06:43.299 - INFO ---[           main] com.alibaba.nacos.common.remote.client   : [d236dc31-2995-45f9-b986-8ef120007388_config-0] Registry connection listener to current client:com.alibaba.nacos.client.config.impl.ClientWorker$ConfigRpcTransportClient$1
2023-06-27 17:06:43.299 - INFO ---[           main] com.alibaba.nacos.common.remote.client   : [d236dc31-2995-45f9-b986-8ef120007388_config-0] RpcClient init, ServerListFactory = com.alibaba.nacos.client.config.impl.ClientWorker$ConfigRpcTransportClient$2
2023-06-27 17:06:43.314 - INFO ---[           main] com.alibaba.nacos.common.remote.client   : [d236dc31-2995-45f9-b986-8ef120007388_config-0] Try to connect to server on start up, server: {serverIp = '36.137.103.166', server main port = 8848}
2023-06-27 17:06:43.354 - INFO ---[           main] c.a.n.c.remote.client.grpc.GrpcClient    : grpc client connection server:36.137.103.166 ip,serverPort:9848,grpcTslConfig:{"sslProvider":"OPENSSL","enableTls":false,"mutualAuthEnable":false,"trustAll":false}
2023-06-27 17:06:44.395 - INFO ---[           main] com.alibaba.nacos.common.remote.client   : [d236dc31-2995-45f9-b986-8ef120007388_config-0] Success to connect to server [36.137.103.166:8848] on start up, connectionId = 1687856804740_1.198.23.4_17739
2023-06-27 17:06:44.396 - INFO ---[t.remote.worker] com.alibaba.nacos.common.remote.client   : [d236dc31-2995-45f9-b986-8ef120007388_config-0] Notify connected event to listeners.
2023-06-27 17:06:44.396 - INFO ---[           main] com.alibaba.nacos.common.remote.client   : [d236dc31-2995-45f9-b986-8ef120007388_config-0] Register server push request handler:com.alibaba.nacos.common.remote.client.RpcClient$ConnectResetRequestHandler
2023-06-27 17:06:44.396 - INFO ---[t.remote.worker] c.a.n.client.config.impl.ClientWorker    : [d236dc31-2995-45f9-b986-8ef120007388_config-0] Connected,notify listen context...
2023-06-27 17:06:44.396 - INFO ---[           main] com.alibaba.nacos.common.remote.client   : [d236dc31-2995-45f9-b986-8ef120007388_config-0] Register server push request handler:com.alibaba.nacos.common.remote.client.RpcClient$$Lambda$903/0x00000008011357e0
2023-06-27 17:06:44.472 - INFO ---[           main] b.c.PropertySourceBootstrapConfiguration : Located property source: [BootstrapPropertySource {name='bootstrapProperties-mall-web-admin-file.properties,DEFAULT_GROUP'}, BootstrapPropertySource {name='bootstrapProperties-mall-web-admin-file,DEFAULT_GROUP'}]
2023-06-27 17:06:44.487 - INFO ---[           main] com.lingyi.mall.FileTest                 : No active profile set, falling back to 1 default profile: "default"
2023-06-27 17:06:45.353 - INFO ---[           main] .s.d.r.c.RepositoryConfigurationDelegate : Multiple Spring Data modules found, entering strict repository configuration mode
2023-06-27 17:06:45.355 - INFO ---[           main] .s.d.r.c.RepositoryConfigurationDelegate : Bootstrapping Spring Data JPA repositories in DEFAULT mode.
2023-06-27 17:06:45.376 - INFO ---[           main] .s.d.r.c.RepositoryConfigurationDelegate : Finished Spring Data repository scanning in 12 ms. Found 0 JPA repository interfaces.
2023-06-27 17:06:45.393 - INFO ---[           main] .s.d.r.c.RepositoryConfigurationDelegate : Multiple Spring Data modules found, entering strict repository configuration mode
2023-06-27 17:06:45.394 - INFO ---[           main] .s.d.r.c.RepositoryConfigurationDelegate : Bootstrapping Spring Data Redis repositories in DEFAULT mode.
2023-06-27 17:06:45.410 - INFO ---[           main] .s.d.r.c.RepositoryConfigurationDelegate : Finished Spring Data repository scanning in 6 ms. Found 0 Redis repository interfaces.
2023-06-27 17:06:45.670 - INFO ---[           main] o.s.cloud.context.scope.GenericScope     : BeanFactory id=445db584-7166-3fee-a979-269281044202
2023-06-27 17:06:46.167 - INFO ---[           main] trationDelegate$BeanPostProcessorChecker : Bean 'org.springframework.cloud.client.loadbalancer.reactive.LoadBalancerBeanPostProcessorAutoConfiguration' of type [org.springframework.cloud.client.loadbalancer.reactive.LoadBalancerBeanPostProcessorAutoConfiguration] is not eligible for getting processed by all BeanPostProcessors (for example: not eligible for auto-proxying)
2023-06-27 17:06:46.168 - INFO ---[           main] trationDelegate$BeanPostProcessorChecker : Bean 'org.springframework.cloud.client.loadbalancer.reactive.LoadBalancerBeanPostProcessorAutoConfiguration$ReactorDeferringLoadBalancerFilterConfig' of type [org.springframework.cloud.client.loadbalancer.reactive.LoadBalancerBeanPostProcessorAutoConfiguration$ReactorDeferringLoadBalancerFilterConfig] is not eligible for getting processed by all BeanPostProcessors (for example: not eligible for auto-proxying)
2023-06-27 17:06:46.170 - INFO ---[           main] trationDelegate$BeanPostProcessorChecker : Bean 'reactorDeferringLoadBalancerExchangeFilterFunction' of type [org.springframework.cloud.client.loadbalancer.reactive.DeferringLoadBalancerExchangeFilterFunction] is not eligible for getting processed by all BeanPostProcessors (for example: not eligible for auto-proxying)
2023-06-27 17:06:46.409 - INFO ---[           main] o.hibernate.jpa.internal.util.LogHelper  : HHH000204: Processing PersistenceUnitInfo [name: default]
2023-06-27 17:06:46.568 - INFO ---[           main] org.hibernate.Version                    : HHH000412: Hibernate ORM core version 6.2.2.Final
2023-06-27 17:06:46.575 - INFO ---[           main] org.hibernate.cfg.Environment            : HHH000406: Using bytecode reflection optimizer
2023-06-27 17:06:46.771 - INFO ---[           main] o.h.b.i.BytecodeProviderInitiator        : HHH000021: Bytecode provider name : bytebuddy
2023-06-27 17:06:46.919 - INFO ---[           main] o.s.o.j.p.SpringPersistenceUnitInfo      : No LoadTimeWeaver setup: ignoring JPA class transformer
2023-06-27 17:06:46.946 - INFO ---[           main] com.zaxxer.hikari.HikariDataSource       : HikariPool-1 - Starting...
2023-06-27 17:06:47.445 - INFO ---[           main] com.zaxxer.hikari.pool.HikariPool        : HikariPool-1 - Added connection com.mysql.cj.jdbc.ConnectionImpl@550e7ef6
2023-06-27 17:06:47.446 - INFO ---[           main] com.zaxxer.hikari.HikariDataSource       : HikariPool-1 - Start completed.
2023-06-27 17:06:47.512 - INFO ---[           main] org.hibernate.orm.dialect                : HHH035001: Using dialect: org.hibernate.dialect.MySQLDialect, version: 8.0.33
2023-06-27 17:06:47.591 - INFO ---[           main] o.h.b.i.BytecodeProviderInitiator        : HHH000021: Bytecode provider name : bytebuddy
2023-06-27 17:06:47.769 - INFO ---[           main] o.h.e.t.j.p.i.JtaPlatformInitiator       : HHH000490: Using JtaPlatform implementation: [org.hibernate.engine.transaction.jta.platform.internal.NoJtaPlatform]
2023-06-27 17:06:47.775 - INFO ---[           main] j.LocalContainerEntityManagerFactoryBean : Initialized JPA EntityManagerFactory for persistence unit 'default'
2023-06-27 17:06:48.461 - INFO ---[           main] o.s.c.openfeign.FeignClientFactoryBean   : For 'mall-web-admin-system' URL not provided. Will try picking an instance via load-balancing.
2023-06-27 17:06:49.182 - INFO ---[           main] o.s.c.openfeign.FeignClientFactoryBean   : For 'mall-web-admin-system' URL not provided. Will try picking an instance via load-balancing.
2023-06-27 17:06:49.542 - INFO ---[           main] c.a.c.sentinel.SentinelWebMvcConfigurer  : [Sentinel Starter] register SentinelWebInterceptor with urlPatterns: [/**].
2023-06-27 17:06:51.365 - INFO ---[           main] o.s.s.web.DefaultSecurityFilterChain     : Will secure any request with [org.springframework.security.web.session.DisableEncodeUrlFilter@57bd0b3c, org.springframework.security.web.context.request.async.WebAsyncManagerIntegrationFilter@10164e94, org.springframework.security.web.context.SecurityContextHolderFilter@4398d, org.springframework.security.web.header.HeaderWriterFilter@537979aa, org.springframework.security.web.authentication.logout.LogoutFilter@ebd4486, com.lingyi.mall.common.base.filter.TrackIdFilter@1895f7fe, com.lingyi.mall.common.security.admin.filter.ImageCaptchaFilter@68893394, org.springframework.security.web.authentication.UsernamePasswordAuthenticationFilter@48b53f3d, org.springframework.security.web.savedrequest.RequestCacheAwareFilter@50061d56, org.springframework.security.web.servletapi.SecurityContextHolderAwareRequestFilter@1ad28f2, org.springframework.security.web.authentication.rememberme.RememberMeAuthenticationFilter@7b59f3aa, org.springframework.security.web.authentication.AnonymousAuthenticationFilter@24e63b9f, org.springframework.security.web.access.ExceptionTranslationFilter@9d10078, org.springframework.security.web.access.intercept.AuthorizationFilter@6b1381fc]
2023-06-27 17:06:53.347 - INFO ---[           main] o.s.cloud.commons.util.InetUtils         : Cannot determine local hostname
2023-06-27 17:06:54.546 - INFO ---[           main] o.s.cloud.commons.util.InetUtils         : Cannot determine local hostname
2023-06-27 17:06:55.976 - INFO ---[           main] o.s.cloud.commons.util.InetUtils         : Cannot determine local hostname
2023-06-27 17:06:56.054 - INFO ---[           main] com.lingyi.mall.FileTest                 : Started FileTest in 16.286 seconds (process running for 17.388)
2023-06-27 17:06:56.058 - INFO ---[           main] c.a.nacos.client.config.impl.CacheData   : nacos.cache.data.init.snapshot = true 
2023-06-27 17:06:56.058 - INFO ---[           main] c.a.n.client.config.impl.ClientWorker    : [fixed-dev-36.137.103.166_8848] [subscribe] mall-web-admin-file.properties+DEFAULT_GROUP+dev
2023-06-27 17:06:56.065 - INFO ---[           main] c.a.nacos.client.config.impl.CacheData   : [fixed-dev-36.137.103.166_8848] [add-listener] ok, tenant=dev, dataId=mall-web-admin-file.properties, group=DEFAULT_GROUP, cnt=1
2023-06-27 17:06:56.065 - INFO ---[           main] c.a.c.n.refresh.NacosContextRefresher    : [Nacos Config] Listening config: dataId=mall-web-admin-file.properties, group=DEFAULT_GROUP
2023-06-27 17:06:56.065 - INFO ---[           main] c.a.n.client.config.impl.ClientWorker    : [fixed-dev-36.137.103.166_8848] [subscribe] mall-web-admin-file+DEFAULT_GROUP+dev
2023-06-27 17:06:56.065 - INFO ---[           main] c.a.nacos.client.config.impl.CacheData   : [fixed-dev-36.137.103.166_8848] [add-listener] ok, tenant=dev, dataId=mall-web-admin-file, group=DEFAULT_GROUP, cnt=1
2023-06-27 17:06:56.065 - INFO ---[           main] c.a.c.n.refresh.NacosContextRefresher    : [Nacos Config] Listening config: dataId=mall-web-admin-file, group=DEFAULT_GROUP
2023-06-27 17:06:56.753 - INFO ---[ionShutdownHook] j.LocalContainerEntityManagerFactoryBean : Closing JPA EntityManagerFactory for persistence unit 'default'
2023-06-27 17:06:56.754 - INFO ---[ionShutdownHook] com.zaxxer.hikari.HikariDataSource       : HikariPool-1 - Shutdown initiated...
2023-06-27 17:06:56.757 - INFO ---[ionShutdownHook] com.zaxxer.hikari.HikariDataSource       : HikariPool-1 - Shutdown completed.
2023-06-27 17:13:08.820 - INFO ---[kground-preinit] o.h.validator.internal.util.Version      : HV000001: Hibernate Validator 8.0.0.Final
2023-06-27 17:13:09.074 - INFO ---[           main] c.alibaba.nacos.client.utils.ParamUtil   : [settings] [req-serv] nacos-server port:8848
2023-06-27 17:13:09.074 - INFO ---[           main] c.alibaba.nacos.client.utils.ParamUtil   : [settings] [http-client] connect timeout:1000
2023-06-27 17:13:09.076 - INFO ---[           main] c.alibaba.nacos.client.utils.ParamUtil   : PER_TASK_CONFIG_SIZE: 3000.0
2023-06-27 17:13:09.158 - INFO ---[           main] c.a.n.p.a.s.c.ClientAuthPluginManager    : [ClientAuthPluginManager] Load ClientAuthService com.alibaba.nacos.client.auth.impl.NacosClientAuthServiceImpl success.
2023-06-27 17:13:09.159 - INFO ---[           main] c.a.n.p.a.s.c.ClientAuthPluginManager    : [ClientAuthPluginManager] Load ClientAuthService com.alibaba.nacos.client.auth.ram.RamClientAuthServiceImpl success.
2023-06-27 17:13:09.212 - INFO ---[           main] c.a.nacos.client.config.impl.Limiter     : limitTime:5.0
2023-06-27 17:13:09.351 - INFO ---[           main] c.a.n.c.a.r.identify.CredentialWatcher   : null No credential found
2023-06-27 17:13:10.578 - INFO ---[           main] c.a.n.c.c.impl.LocalConfigInfoProcessor  : LOCAL_SNAPSHOT_PATH:C:\Users\86150\nacos\config
2023-06-27 17:13:10.584 - INFO ---[           main] com.alibaba.nacos.common.remote.client   : [RpcClientFactory] create a new rpc client of 5eccfaf7-10fc-45f7-909e-6d654a15d0d5_config-0
2023-06-27 17:13:10.610 - INFO ---[           main] com.alibaba.nacos.common.remote.client   : [5eccfaf7-10fc-45f7-909e-6d654a15d0d5_config-0] Register server push request handler:com.alibaba.nacos.client.config.impl.ClientWorker$ConfigRpcTransportClient$$Lambda$882/0x0000000800fe1540
2023-06-27 17:13:10.610 - INFO ---[           main] com.alibaba.nacos.common.remote.client   : [5eccfaf7-10fc-45f7-909e-6d654a15d0d5_config-0] Register server push request handler:com.alibaba.nacos.client.config.impl.ClientWorker$ConfigRpcTransportClient$$Lambda$883/0x0000000800fe1960
2023-06-27 17:13:10.611 - INFO ---[           main] com.alibaba.nacos.common.remote.client   : [5eccfaf7-10fc-45f7-909e-6d654a15d0d5_config-0] Registry connection listener to current client:com.alibaba.nacos.client.config.impl.ClientWorker$ConfigRpcTransportClient$1
2023-06-27 17:13:10.612 - INFO ---[           main] com.alibaba.nacos.common.remote.client   : [5eccfaf7-10fc-45f7-909e-6d654a15d0d5_config-0] RpcClient init, ServerListFactory = com.alibaba.nacos.client.config.impl.ClientWorker$ConfigRpcTransportClient$2
2023-06-27 17:13:10.623 - INFO ---[           main] com.alibaba.nacos.common.remote.client   : [5eccfaf7-10fc-45f7-909e-6d654a15d0d5_config-0] Try to connect to server on start up, server: {serverIp = '36.137.103.166', server main port = 8848}
2023-06-27 17:13:10.669 - INFO ---[           main] c.a.n.c.remote.client.grpc.GrpcClient    : grpc client connection server:36.137.103.166 ip,serverPort:9848,grpcTslConfig:{"sslProvider":"OPENSSL","enableTls":false,"mutualAuthEnable":false,"trustAll":false}
2023-06-27 17:13:11.542 - INFO ---[           main] com.alibaba.nacos.common.remote.client   : [5eccfaf7-10fc-45f7-909e-6d654a15d0d5_config-0] Success to connect to server [36.137.103.166:8848] on start up, connectionId = 1687857191903_1.198.23.4_18285
2023-06-27 17:13:11.542 - INFO ---[t.remote.worker] com.alibaba.nacos.common.remote.client   : [5eccfaf7-10fc-45f7-909e-6d654a15d0d5_config-0] Notify connected event to listeners.
2023-06-27 17:13:11.542 - INFO ---[t.remote.worker] c.a.n.client.config.impl.ClientWorker    : [5eccfaf7-10fc-45f7-909e-6d654a15d0d5_config-0] Connected,notify listen context...
2023-06-27 17:13:11.542 - INFO ---[           main] com.alibaba.nacos.common.remote.client   : [5eccfaf7-10fc-45f7-909e-6d654a15d0d5_config-0] Register server push request handler:com.alibaba.nacos.common.remote.client.RpcClient$ConnectResetRequestHandler
2023-06-27 17:13:11.543 - INFO ---[           main] com.alibaba.nacos.common.remote.client   : [5eccfaf7-10fc-45f7-909e-6d654a15d0d5_config-0] Register server push request handler:com.alibaba.nacos.common.remote.client.RpcClient$$Lambda$903/0x00000008011366f8
2023-06-27 17:13:11.632 - INFO ---[           main] b.c.PropertySourceBootstrapConfiguration : Located property source: [BootstrapPropertySource {name='bootstrapProperties-mall-web-admin-file.properties,DEFAULT_GROUP'}, BootstrapPropertySource {name='bootstrapProperties-mall-web-admin-file,DEFAULT_GROUP'}]
2023-06-27 17:13:11.648 - INFO ---[           main] com.lingyi.mall.FileTest                 : No active profile set, falling back to 1 default profile: "default"
2023-06-27 17:13:12.498 - INFO ---[           main] .s.d.r.c.RepositoryConfigurationDelegate : Multiple Spring Data modules found, entering strict repository configuration mode
2023-06-27 17:13:12.500 - INFO ---[           main] .s.d.r.c.RepositoryConfigurationDelegate : Bootstrapping Spring Data JPA repositories in DEFAULT mode.
2023-06-27 17:13:12.529 - INFO ---[           main] .s.d.r.c.RepositoryConfigurationDelegate : Finished Spring Data repository scanning in 17 ms. Found 0 JPA repository interfaces.
2023-06-27 17:13:12.552 - INFO ---[           main] .s.d.r.c.RepositoryConfigurationDelegate : Multiple Spring Data modules found, entering strict repository configuration mode
2023-06-27 17:13:12.555 - INFO ---[           main] .s.d.r.c.RepositoryConfigurationDelegate : Bootstrapping Spring Data Redis repositories in DEFAULT mode.
2023-06-27 17:13:12.588 - INFO ---[           main] .s.d.r.c.RepositoryConfigurationDelegate : Finished Spring Data repository scanning in 6 ms. Found 0 Redis repository interfaces.
2023-06-27 17:13:13.004 - INFO ---[           main] o.s.cloud.context.scope.GenericScope     : BeanFactory id=445db584-7166-3fee-a979-269281044202
2023-06-27 17:13:13.557 - INFO ---[           main] trationDelegate$BeanPostProcessorChecker : Bean 'org.springframework.cloud.client.loadbalancer.reactive.LoadBalancerBeanPostProcessorAutoConfiguration' of type [org.springframework.cloud.client.loadbalancer.reactive.LoadBalancerBeanPostProcessorAutoConfiguration] is not eligible for getting processed by all BeanPostProcessors (for example: not eligible for auto-proxying)
2023-06-27 17:13:13.559 - INFO ---[           main] trationDelegate$BeanPostProcessorChecker : Bean 'org.springframework.cloud.client.loadbalancer.reactive.LoadBalancerBeanPostProcessorAutoConfiguration$ReactorDeferringLoadBalancerFilterConfig' of type [org.springframework.cloud.client.loadbalancer.reactive.LoadBalancerBeanPostProcessorAutoConfiguration$ReactorDeferringLoadBalancerFilterConfig] is not eligible for getting processed by all BeanPostProcessors (for example: not eligible for auto-proxying)
2023-06-27 17:13:13.561 - INFO ---[           main] trationDelegate$BeanPostProcessorChecker : Bean 'reactorDeferringLoadBalancerExchangeFilterFunction' of type [org.springframework.cloud.client.loadbalancer.reactive.DeferringLoadBalancerExchangeFilterFunction] is not eligible for getting processed by all BeanPostProcessors (for example: not eligible for auto-proxying)
2023-06-27 17:13:13.819 - INFO ---[           main] o.hibernate.jpa.internal.util.LogHelper  : HHH000204: Processing PersistenceUnitInfo [name: default]
2023-06-27 17:13:13.935 - INFO ---[           main] org.hibernate.Version                    : HHH000412: Hibernate ORM core version 6.2.2.Final
2023-06-27 17:13:13.943 - INFO ---[           main] org.hibernate.cfg.Environment            : HHH000406: Using bytecode reflection optimizer
2023-06-27 17:13:14.094 - INFO ---[           main] o.h.b.i.BytecodeProviderInitiator        : HHH000021: Bytecode provider name : bytebuddy
2023-06-27 17:13:14.212 - INFO ---[           main] o.s.o.j.p.SpringPersistenceUnitInfo      : No LoadTimeWeaver setup: ignoring JPA class transformer
2023-06-27 17:13:14.229 - INFO ---[           main] com.zaxxer.hikari.HikariDataSource       : HikariPool-1 - Starting...
2023-06-27 17:13:14.557 - INFO ---[           main] com.zaxxer.hikari.pool.HikariPool        : HikariPool-1 - Added connection com.mysql.cj.jdbc.ConnectionImpl@76876421
2023-06-27 17:13:14.559 - INFO ---[           main] com.zaxxer.hikari.HikariDataSource       : HikariPool-1 - Start completed.
2023-06-27 17:13:14.616 - INFO ---[           main] org.hibernate.orm.dialect                : HHH035001: Using dialect: org.hibernate.dialect.MySQLDialect, version: 8.0.33
2023-06-27 17:13:14.684 - INFO ---[           main] o.h.b.i.BytecodeProviderInitiator        : HHH000021: Bytecode provider name : bytebuddy
2023-06-27 17:13:14.836 - INFO ---[           main] o.h.e.t.j.p.i.JtaPlatformInitiator       : HHH000490: Using JtaPlatform implementation: [org.hibernate.engine.transaction.jta.platform.internal.NoJtaPlatform]
2023-06-27 17:13:14.840 - INFO ---[           main] j.LocalContainerEntityManagerFactoryBean : Initialized JPA EntityManagerFactory for persistence unit 'default'
2023-06-27 17:13:15.471 - INFO ---[           main] o.s.c.openfeign.FeignClientFactoryBean   : For 'mall-web-admin-system' URL not provided. Will try picking an instance via load-balancing.
2023-06-27 17:13:16.020 - INFO ---[           main] o.s.c.openfeign.FeignClientFactoryBean   : For 'mall-web-admin-system' URL not provided. Will try picking an instance via load-balancing.
2023-06-27 17:13:16.291 - INFO ---[           main] c.a.c.sentinel.SentinelWebMvcConfigurer  : [Sentinel Starter] register SentinelWebInterceptor with urlPatterns: [/**].
2023-06-27 17:13:17.600 - INFO ---[           main] o.s.s.web.DefaultSecurityFilterChain     : Will secure any request with [org.springframework.security.web.session.DisableEncodeUrlFilter@679cdfc3, org.springframework.security.web.context.request.async.WebAsyncManagerIntegrationFilter@3e07ccbf, org.springframework.security.web.context.SecurityContextHolderFilter@72548e3c, org.springframework.security.web.header.HeaderWriterFilter@4893d628, org.springframework.security.web.authentication.logout.LogoutFilter@33606f4b, com.lingyi.mall.common.base.filter.TrackIdFilter@2ad39f2f, com.lingyi.mall.common.security.admin.filter.ImageCaptchaFilter@1c3b4de1, org.springframework.security.web.authentication.UsernamePasswordAuthenticationFilter@9b87a98, org.springframework.security.web.savedrequest.RequestCacheAwareFilter@47f50549, org.springframework.security.web.servletapi.SecurityContextHolderAwareRequestFilter@43f88150, org.springframework.security.web.authentication.rememberme.RememberMeAuthenticationFilter@42018e32, org.springframework.security.web.authentication.AnonymousAuthenticationFilter@70b9a553, org.springframework.security.web.access.ExceptionTranslationFilter@5cbf423b, org.springframework.security.web.access.intercept.AuthorizationFilter@21440e36]
2023-06-27 17:13:19.590 - INFO ---[           main] o.s.cloud.commons.util.InetUtils         : Cannot determine local hostname
2023-06-27 17:13:20.807 - INFO ---[           main] o.s.cloud.commons.util.InetUtils         : Cannot determine local hostname
2023-06-27 17:13:22.304 - INFO ---[           main] o.s.cloud.commons.util.InetUtils         : Cannot determine local hostname
2023-06-27 17:13:22.377 - INFO ---[           main] com.lingyi.mall.FileTest                 : Started FileTest in 15.135 seconds (process running for 16.099)
2023-06-27 17:13:22.380 - INFO ---[           main] c.a.nacos.client.config.impl.CacheData   : nacos.cache.data.init.snapshot = true 
2023-06-27 17:13:22.381 - INFO ---[           main] c.a.n.client.config.impl.ClientWorker    : [fixed-dev-36.137.103.166_8848] [subscribe] mall-web-admin-file.properties+DEFAULT_GROUP+dev
2023-06-27 17:13:22.389 - INFO ---[           main] c.a.nacos.client.config.impl.CacheData   : [fixed-dev-36.137.103.166_8848] [add-listener] ok, tenant=dev, dataId=mall-web-admin-file.properties, group=DEFAULT_GROUP, cnt=1
2023-06-27 17:13:22.390 - INFO ---[           main] c.a.c.n.refresh.NacosContextRefresher    : [Nacos Config] Listening config: dataId=mall-web-admin-file.properties, group=DEFAULT_GROUP
2023-06-27 17:13:22.390 - INFO ---[           main] c.a.n.client.config.impl.ClientWorker    : [fixed-dev-36.137.103.166_8848] [subscribe] mall-web-admin-file+DEFAULT_GROUP+dev
2023-06-27 17:13:22.390 - INFO ---[           main] c.a.nacos.client.config.impl.CacheData   : [fixed-dev-36.137.103.166_8848] [add-listener] ok, tenant=dev, dataId=mall-web-admin-file, group=DEFAULT_GROUP, cnt=1
2023-06-27 17:13:22.390 - INFO ---[           main] c.a.c.n.refresh.NacosContextRefresher    : [Nacos Config] Listening config: dataId=mall-web-admin-file, group=DEFAULT_GROUP
2023-06-27 17:13:23.039 - INFO ---[ionShutdownHook] j.LocalContainerEntityManagerFactoryBean : Closing JPA EntityManagerFactory for persistence unit 'default'
2023-06-27 17:13:23.041 - INFO ---[ionShutdownHook] com.zaxxer.hikari.HikariDataSource       : HikariPool-1 - Shutdown initiated...
2023-06-27 17:13:23.044 - INFO ---[ionShutdownHook] com.zaxxer.hikari.HikariDataSource       : HikariPool-1 - Shutdown completed.
